0 info it worked if it ends with ok
1 verbose cli [ 'E:\\Program Files\\nodejs\\node.exe',
1 verbose cli   'E:\\Program Files\\nodejs\\node_modules\\npm\\bin\\npm-cli.js',
1 verbose cli   'run-script',
1 verbose cli   'start' ]
2 info using npm@3.10.8
3 info using node@v6.9.1
4 verbose run-script [ 'prestart', 'start', 'poststart' ]
5 info lifecycle cdata-example@1.0.0~prestart: cdata-example@1.0.0
6 silly lifecycle cdata-example@1.0.0~prestart: no script for prestart, continuing
7 info lifecycle cdata-example@1.0.0~start: cdata-example@1.0.0
8 verbose lifecycle cdata-example@1.0.0~start: unsafe-perm in lifecycle true
9 verbose lifecycle cdata-example@1.0.0~start: PATH: E:\Program Files\nodejs\node_modules\npm\bin\node-gyp-bin;F:\Projects\cdata-example\node_modules\.bin;C:\ProgramData\Oracle\Java\javapath;C:\WINDOWS\SYSTEM32;C:\WINDOWS;C:\WINDOWS\SYSTEM32\WBEM;C:\WINDOWS\SYSTEM32\WINDOWSPOWERSHELL\V1.0\;E:\PROGRAM FILES\MICROSOFT SQL SERVER\CLIENT SDK\ODBC\110\TOOLS\BINN\;E:\PROGRAM FILES (X86)\MICROSOFT SQL SERVER\120\TOOLS\BINN\;E:\PROGRAM FILES\MICROSOFT SQL SERVER\120\TOOLS\BINN\;E:\PROGRAM FILES\MICROSOFT SQL SERVER\120\DTS\BINN\;E:\PROGRAM FILES (X86)\MICROSOFT SQL SERVER\120\TOOLS\BINN\MANAGEMENTSTUDIO\;E:\PROGRAM FILES (X86)\MICROSOFT SQL SERVER\120\DTS\BINN\;C:\Users\user\.DNX\BIN;C:\PROGRAM FILES\MICROSOFT DNX\DNVM\;;C:\PROGRAM FILES\GIT\CMD;C:\WINDOWS\system32;C:\WINDOWS;C:\WINDOWS\System32\Wbem;C:\WINDOWS\System32\WindowsPowerShell\v1.0\;E:\Program Files\Microsoft SQL Server\130\Tools\Binn\;E:\Program Files\nodejs\;C:\Users\user\AppData\Local\Microsoft\WindowsApps;C:\Users\user\AppData\Roaming\npm
10 verbose lifecycle cdata-example@1.0.0~start: CWD: F:\Projects\cdata-example
11 silly lifecycle cdata-example@1.0.0~start: Args: [ '/d /s /c', 'tsc && concurrently "tsc -w" "lite-server" ' ]
12 silly lifecycle cdata-example@1.0.0~start: Returned: code: 2  signal: null
13 info lifecycle cdata-example@1.0.0~start: Failed to exec start script
14 verbose stack Error: cdata-example@1.0.0 start: `tsc && concurrently "tsc -w" "lite-server" `
14 verbose stack Exit status 2
14 verbose stack     at EventEmitter.<anonymous> (E:\Program Files\nodejs\node_modules\npm\lib\utils\lifecycle.js:255:16)
14 verbose stack     at emitTwo (events.js:106:13)
14 verbose stack     at EventEmitter.emit (events.js:191:7)
14 verbose stack     at ChildProcess.<anonymous> (E:\Program Files\nodejs\node_modules\npm\lib\utils\spawn.js:40:14)
14 verbose stack     at emitTwo (events.js:106:13)
14 verbose stack     at ChildProcess.emit (events.js:191:7)
14 verbose stack     at maybeClose (internal/child_process.js:877:16)
14 verbose stack     at Process.ChildProcess._handle.onexit (internal/child_process.js:226:5)
15 verbose pkgid cdata-example@1.0.0
16 verbose cwd F:\Projects\cdata-example
17 error Windows_NT 10.0.14393
18 error argv "E:\\Program Files\\nodejs\\node.exe" "E:\\Program Files\\nodejs\\node_modules\\npm\\bin\\npm-cli.js" "run-script" "start"
19 error node v6.9.1
20 error npm  v3.10.8
21 error code ELIFECYCLE
22 error cdata-example@1.0.0 start: `tsc && concurrently "tsc -w" "lite-server" `
22 error Exit status 2
23 error Failed at the cdata-example@1.0.0 start script 'tsc && concurrently "tsc -w" "lite-server" '.
23 error Make sure you have the latest version of node.js and npm installed.
23 error If you do, this is most likely a problem with the cdata-example package,
23 error not with npm itself.
23 error Tell the author that this fails on your system:
23 error     tsc && concurrently "tsc -w" "lite-server"
23 error You can get information on how to open an issue for this project with:
23 error     npm bugs cdata-example
23 error Or if that isn't available, you can get their info via:
23 error     npm owner ls cdata-example
23 error There is likely additional logging output above.
24 verbose exit [ 1, true ]
